[debug] [2024-06-11T11:40:26.511Z] ----------------------------------------------------------------------
[debug] [2024-06-11T11:40:26.514Z] Command:       C:\Program Files\nodejs\node.exe C:\Users\mrbll\AppData\Roaming\npm\node_modules\firebase-tools\lib\bin\firebase.js init
[debug] [2024-06-11T11:40:26.514Z] CLI Version:   13.11.2
[debug] [2024-06-11T11:40:26.514Z] Platform:      win32
[debug] [2024-06-11T11:40:26.515Z] Node Version:  v20.11.0
[debug] [2024-06-11T11:40:26.515Z] Time:          Tue Jun 11 2024 17:40:26 GMT+0600 (Восточный Казахстан)
[debug] [2024-06-11T11:40:26.515Z] ----------------------------------------------------------------------
[debug] 
[debug] [2024-06-11T11:40:26.521Z] > command requires scopes: ["email","openid","https://www.googleapis.com/auth/cloudplatformprojects.readonly","https://www.googleapis.com/auth/firebase","https://www.googleapis.com/auth/cloud-platform"]
[debug] [2024-06-11T11:40:26.521Z] > authorizing via signed-in user (mrbll19623@gmail.com)
[info] 
     ######## #### ########  ######## ########     ###     ######  ########
     ##        ##  ##     ## ##       ##     ##  ##   ##  ##       ##
     ######    ##  ########  ######   ########  #########  ######  ######
     ##        ##  ##    ##  ##       ##     ## ##     ##       ## ##
     ##       #### ##     ## ######## ########  ##     ##  ######  ########

You're about to initialize a Firebase project in this directory:

  C:\work\nfac2024\homeworks\nf-hw-backend-1

Before we get started, keep in mind:

  * You are currently outside your home directory

[info] 
=== Project Setup
[info] 
[info] First, let's associate this project directory with a Firebase project.
[info] You can create multiple project aliases by running firebase use --add, 
[info] but for now we'll just set up a default project.
[info] 
[debug] [2024-06-11T11:40:42.113Z] >>> [apiv2][query] GET https://firebase.googleapis.com/v1beta1/availableProjects pageSize=100
[debug] [2024-06-11T11:40:43.561Z] <<< [apiv2][status] GET https://firebase.googleapis.com/v1beta1/availableProjects 200
[debug] [2024-06-11T11:40:43.562Z] <<< [apiv2][body] GET https://firebase.googleapis.com/v1beta1/availableProjects [omitted]
[debug] [2024-06-11T11:40:46.942Z] >>> [apiv2][query] POST https://firebase.googleapis.com/v1beta1/projects/hwbackend1:addFirebase [none]
[debug] [2024-06-11T11:40:47.448Z] <<< [apiv2][status] POST https://firebase.googleapis.com/v1beta1/projects/hwbackend1:addFirebase 403
[debug] [2024-06-11T11:40:47.449Z] <<< [apiv2][body] POST https://firebase.googleapis.com/v1beta1/projects/hwbackend1:addFirebase {"error":{"code":403,"message":"The caller does not have permission","status":"PERMISSION_DENIED"}}
[debug] [2024-06-11T11:40:47.449Z] HTTP Error: 403, The caller does not have permission
[debug] [2024-06-11T11:40:47.452Z] FirebaseError: HTTP Error: 403, The caller does not have permission
    at responseToError (C:\Users\mrbll\AppData\Roaming\npm\node_modules\firebase-tools\lib\responseToError.js:49:12)
    at RetryOperation._fn (C:\Users\mrbll\AppData\Roaming\npm\node_modules\firebase-tools\lib\apiv2.js:305:77)
    at process.processTicksAndRejections (node:internal/process/task_queues:95:5)
[error] 
[error] Error: Failed to add Firebase to Google Cloud Platform project. See firebase-debug.log for more info.
[debug] [2024-06-11T11:45:29.092Z] ----------------------------------------------------------------------
[debug] [2024-06-11T11:45:29.095Z] Command:       C:\Program Files\nodejs\node.exe C:\Users\mrbll\AppData\Roaming\npm\node_modules\firebase-tools\lib\bin\firebase.js init
[debug] [2024-06-11T11:45:29.095Z] CLI Version:   13.11.2
[debug] [2024-06-11T11:45:29.095Z] Platform:      win32
[debug] [2024-06-11T11:45:29.096Z] Node Version:  v20.11.0
[debug] [2024-06-11T11:45:29.096Z] Time:          Tue Jun 11 2024 17:45:29 GMT+0600 (Восточный Казахстан)
[debug] [2024-06-11T11:45:29.096Z] ----------------------------------------------------------------------
[debug] 
[debug] [2024-06-11T11:45:29.106Z] > command requires scopes: ["email","openid","https://www.googleapis.com/auth/cloudplatformprojects.readonly","https://www.googleapis.com/auth/firebase","https://www.googleapis.com/auth/cloud-platform"]
[debug] [2024-06-11T11:45:29.107Z] > authorizing via signed-in user (mrbll19623@gmail.com)
[info] 
     ######## #### ########  ######## ########     ###     ######  ########
     ##        ##  ##     ## ##       ##     ##  ##   ##  ##       ##
     ######    ##  ########  ######   ########  #########  ######  ######
     ##        ##  ##    ##  ##       ##     ## ##     ##       ## ##
     ##       #### ##     ## ######## ########  ##     ##  ######  ########

You're about to initialize a Firebase project in this directory:

  C:\work\nfac2024\homeworks\nf-hw-backend-1

Before we get started, keep in mind:

  * You are currently outside your home directory

[info] 
=== Project Setup
[info] 
[info] First, let's associate this project directory with a Firebase project.
[info] You can create multiple project aliases by running firebase use --add, 
[info] but for now we'll just set up a default project.
[info] 
[debug] [2024-06-11T11:45:49.783Z] >>> [apiv2][query] GET https://firebase.googleapis.com/v1beta1/availableProjects pageSize=100
[debug] [2024-06-11T11:45:52.098Z] <<< [apiv2][status] GET https://firebase.googleapis.com/v1beta1/availableProjects 200
[debug] [2024-06-11T11:45:52.098Z] <<< [apiv2][body] GET https://firebase.googleapis.com/v1beta1/availableProjects [omitted]
[debug] [2024-06-11T11:45:53.351Z] >>> [apiv2][query] POST https://firebase.googleapis.com/v1beta1/projects/hwbackend1:addFirebase [none]
[debug] [2024-06-11T11:45:53.834Z] <<< [apiv2][status] POST https://firebase.googleapis.com/v1beta1/projects/hwbackend1:addFirebase 403
[debug] [2024-06-11T11:45:53.834Z] <<< [apiv2][body] POST https://firebase.googleapis.com/v1beta1/projects/hwbackend1:addFirebase {"error":{"code":403,"message":"The caller does not have permission","status":"PERMISSION_DENIED"}}
[debug] [2024-06-11T11:45:53.835Z] HTTP Error: 403, The caller does not have permission
[debug] [2024-06-11T11:45:53.837Z] FirebaseError: HTTP Error: 403, The caller does not have permission
    at responseToError (C:\Users\mrbll\AppData\Roaming\npm\node_modules\firebase-tools\lib\responseToError.js:49:12)
    at RetryOperation._fn (C:\Users\mrbll\AppData\Roaming\npm\node_modules\firebase-tools\lib\apiv2.js:305:77)
    at process.processTicksAndRejections (node:internal/process/task_queues:95:5)
[error] 
[error] Error: Failed to add Firebase to Google Cloud Platform project. See firebase-debug.log for more info.
